  particle.cpp
C:\Users\user\Desktop\2019-2\인터랙티브컴퓨터그래픽스\Graphics_Camera\particle.cpp(43,49): warning C4244: '=': 'double'에서 'float'(으)로 변환하면서 데이터가 손실될 수 있습니다.
C:\Users\user\Desktop\2019-2\인터랙티브컴퓨터그래픽스\Graphics_Camera\particle.cpp(57,84): warning C4305: '인수': 'double'에서 'GLfloat'(으)로 잘립니다.
  robotarmcpp.cpp
C:\Users\user\Desktop\2019-2\인터랙티브컴퓨터그래픽스\Graphics_Camera\robotarmcpp.cpp(30,20): warning C4244: '초기화 중': 'double'에서 'int'(으)로 변환하면서 데이터가 손실될 수 있습니다.
C:\Users\user\Desktop\2019-2\인터랙티브컴퓨터그래픽스\Graphics_Camera\robotarmcpp.cpp(31,21): warning C4244: '초기화 중': 'double'에서 'int'(으)로 변환하면서 데이터가 손실될 수 있습니다.
C:\Users\user\Desktop\2019-2\인터랙티브컴퓨터그래픽스\Graphics_Camera\robotarmcpp.cpp(32,21): warning C4244: '초기화 중': 'double'에서 'int'(으)로 변환하면서 데이터가 손실될 수 있습니다.
C:\Users\user\Desktop\2019-2\인터랙티브컴퓨터그래픽스\Graphics_Camera\robotarmcpp.cpp(73,24): warning C4305: '+=': 'double'에서 'float'(으)로 잘립니다.
C:\Users\user\Desktop\2019-2\인터랙티브컴퓨터그래픽스\Graphics_Camera\robotarmcpp.cpp(74,24): warning C4305: '+=': 'double'에서 'float'(으)로 잘립니다.
C:\Users\user\Desktop\2019-2\인터랙티브컴퓨터그래픽스\Graphics_Camera\robotarmcpp.cpp(92,41): warning C4305: '인수': 'double'에서 'GLfloat'(으)로 잘립니다.
C:\Users\user\Desktop\2019-2\인터랙티브컴퓨터그래픽스\Graphics_Camera\robotarmcpp.cpp(104,41): warning C4305: '인수': 'double'에서 'GLfloat'(으)로 잘립니다.
C:\Users\user\Desktop\2019-2\인터랙티브컴퓨터그래픽스\Graphics_Camera\robotarmcpp.cpp(118,41): warning C4305: '인수': 'double'에서 'GLfloat'(으)로 잘립니다.
C:\Users\user\Desktop\2019-2\인터랙티브컴퓨터그래픽스\Graphics_Camera\robotarmcpp.cpp(132,41): warning C4305: '인수': 'double'에서 'GLfloat'(으)로 잘립니다.
  spotlight.cpp
C:\Users\user\Desktop\2019-2\인터랙티브컴퓨터그래픽스\Graphics_Camera\spotlight.cpp(56,85): warning C4305: '인수': 'double'에서 'GLfloat'(으)로 잘립니다.
C:\Users\user\Desktop\2019-2\인터랙티브컴퓨터그래픽스\Graphics_Camera\spotlight.cpp(65,47): warning C4305: '-=': 'double'에서 'float'(으)로 잘립니다.
  textureExample.cpp
C:\Users\user\Desktop\2019-2\인터랙티브컴퓨터그래픽스\Graphics_Camera\textureExample.cpp(39,14): warning C4244: '초기화 중': 'double'에서 'GLubyte'(으)로 변환하면서 데이터가 손실될 수 있습니다.
C:\Users\user\Desktop\2019-2\인터랙티브컴퓨터그래픽스\Graphics_Camera\textureExample.cpp(43,36): warning C4244: '=': 'float'에서 'GLubyte'(으)로 변환하면서 데이터가 손실될 수 있습니다.
C:\Users\user\Desktop\2019-2\인터랙티브컴퓨터그래픽스\Graphics_Camera\textureExample.cpp(76,90): warning C4305: '인수': 'double'에서 'GLfloat'(으)로 잘립니다.
C:\Users\user\Desktop\2019-2\인터랙티브컴퓨터그래픽스\Graphics_Camera\textureExample.cpp(114,61): warning C4244: '-=': 'double'에서 'float'(으)로 변환하면서 데이터가 손실될 수 있습니다.
  코드를 생성하고 있습니다...
robotarmcpp.obj : error LNK2005: "void __cdecl idle(void)" (?idle@@YAXXZ)이(가) particle.obj에 이미 정의되어 있습니다.
robotarmcpp.obj : error LNK2005: "void __cdecl render(void)" (?render@@YAXXZ)이(가) particle.obj에 이미 정의되어 있습니다.
robotarmcpp.obj : error LNK2005: "void __cdecl shutdown(void)" (?shutdown@@YAXXZ)이(가) particle.obj에 이미 정의되어 있습니다.
robotarmcpp.obj : error LNK2005: "void __cdecl startup(void)" (?startup@@YAXXZ)이(가) particle.obj에 이미 정의되어 있습니다.
robotarmcpp.obj : error LNK2005: _main이(가) particle.obj에 이미 정의되어 있습니다.
robotarmcpp.obj : error LNK2005: "struct scene sc" (?sc@@3Uscene@@A)이(가) particle.obj에 이미 정의되어 있습니다.
spotlight.obj : error LNK2005: "void __cdecl idle(void)" (?idle@@YAXXZ)이(가) particle.obj에 이미 정의되어 있습니다.
spotlight.obj : error LNK2005: "void __cdecl render(void)" (?render@@YAXXZ)이(가) particle.obj에 이미 정의되어 있습니다.
spotlight.obj : error LNK2005: "void __cdecl shutdown(void)" (?shutdown@@YAXXZ)이(가) particle.obj에 이미 정의되어 있습니다.
spotlight.obj : error LNK2005: "void __cdecl startup(void)" (?startup@@YAXXZ)이(가) particle.obj에 이미 정의되어 있습니다.
spotlight.obj : error LNK2005: _main이(가) particle.obj에 이미 정의되어 있습니다.
spotlight.obj : error LNK2005: "struct scene sc" (?sc@@3Uscene@@A)이(가) particle.obj에 이미 정의되어 있습니다.
textureExample.obj : error LNK2005: "void __cdecl idle(void)" (?idle@@YAXXZ)이(가) particle.obj에 이미 정의되어 있습니다.
textureExample.obj : error LNK2005: "void __cdecl render(void)" (?render@@YAXXZ)이(가) particle.obj에 이미 정의되어 있습니다.
textureExample.obj : error LNK2005: "void __cdecl shutdown(void)" (?shutdown@@YAXXZ)이(가) particle.obj에 이미 정의되어 있습니다.
textureExample.obj : error LNK2005: "void __cdecl startup(void)" (?startup@@YAXXZ)이(가) particle.obj에 이미 정의되어 있습니다.
textureExample.obj : error LNK2005: _main이(가) particle.obj에 이미 정의되어 있습니다.
textureExample.obj : error LNK2005: "struct scene sc" (?sc@@3Uscene@@A)이(가) particle.obj에 이미 정의되어 있습니다.
C:\Users\user\Desktop\2019-2\인터랙티브컴퓨터그래픽스\Graphics_Camera\Debug\Graphics_Camera.exe : fatal error LNK1169: 여러 번 정의된 기호가 있습니다.
